11/06/2016 11:32:51 AMLog file opened
e:\kheprat-work\elra2ed\lp\2\index.html Success
Not Success: http://dsathemes.com/html/kolo/normal_register_form/index/favicon.ico
Not Success: http://dsathemes.com/html/kolo/normal_register_form/favicon.ico
Not Success: http://dsathemes.com/html/kolo/favicon.ico
Not Success: http://dsathemes.com/html/favicon.ico
Not Success: http://dsathemes.com/favicon.ico
e:\kheprat-work\elra2ed\lp\2\css\bootstrap.css Success
e:\kheprat-work\elra2ed\lp\2\css\font-awesome.min.css Success
e:\kheprat-work\elra2ed\lp\2\css\owl.carousel.css Success
e:\kheprat-work\elra2ed\lp\2\css\prettyPhoto.css Success
e:\kheprat-work\elra2ed\lp\2\css\flexslider.css Success
e:\kheprat-work\elra2ed\lp\2\css\style.css Success
e:\kheprat-work\elra2ed\lp\2\css\green.css Success
e:\kheprat-work\elra2ed\lp\2\css\tomato.css Success
e:\kheprat-work\elra2ed\lp\2\css\yellow.css Success
e:\kheprat-work\elra2ed\lp\2\css\purple.css Success
e:\kheprat-work\elra2ed\lp\2\css\violet.css Success
e:\kheprat-work\elra2ed\lp\2\css\skyblue.css Success
e:\kheprat-work\elra2ed\lp\2\css\responsive.css Success
e:\kheprat-work\elra2ed\lp\2\img\icons\favicon.ico Success
e:\kheprat-work\elra2ed\lp\2\img\icons\apple-touch-icon-144x144.png Success
e:\kheprat-work\elra2ed\lp\2\img\icons\apple-touch-icon-114x114.png Success
e:\kheprat-work\elra2ed\lp\2\img\icons\apple-touch-icon-72x72.png Success
e:\kheprat-work\elra2ed\lp\2\img\icons\apple-touch-icon.png Success
e:\kheprat-work\elra2ed\lp\2\fonts.googleapis.com\css.24.html Success
e:\kheprat-work\elra2ed\lp\2\img\logo.png Success
Not Success: http://dsathemes.com/html/kolo/normal_register_form/javascript:chooseStyle('green-theme',%2060)
e:\kheprat-work\elra2ed\lp\2\img\color-scheme\green.png Success
Not Success: http://dsathemes.com/html/kolo/normal_register_form/javascript:chooseStyle('tomato-theme',%2060)
e:\kheprat-work\elra2ed\lp\2\img\color-scheme\tomato.png Success
Not Success: http://dsathemes.com/html/kolo/normal_register_form/javascript:chooseStyle('yellow-theme',%2060)
e:\kheprat-work\elra2ed\lp\2\img\color-scheme\yellow.png Success
Not Success: http://dsathemes.com/html/kolo/normal_register_form/javascript:chooseStyle('purple-theme',%2060)
e:\kheprat-work\elra2ed\lp\2\img\color-scheme\purple.png Success
Not Success: http://dsathemes.com/html/kolo/normal_register_form/javascript:chooseStyle('skyblue-theme',%2060)
e:\kheprat-work\elra2ed\lp\2\img\color-scheme\skyblue.png Success
Not Success: http://dsathemes.com/html/kolo/normal_register_form/javascript:chooseStyle('violet-theme',%2060)
e:\kheprat-work\elra2ed\lp\2\img\color-scheme\violet.png Success
Not Success: http://dsathemes.com/html/kolo/normal_register_form/javascript:chooseStyle('none',%2060)
e:\kheprat-work\elra2ed\lp\2\img\thumbs\our-process-1.jpg Success
e:\kheprat-work\elra2ed\lp\2\img\thumbs\our-process-2.jpg Success
e:\kheprat-work\elra2ed\lp\2\img\thumbs\our-process-3.jpg Success
e:\kheprat-work\elra2ed\lp\2\img\thumbs\about-image.jpg Success
e:\kheprat-work\elra2ed\lp\2\img\thumbs\promo-image-1.jpg Success
e:\kheprat-work\elra2ed\lp\2\img\thumbs\promo-image-2.jpg Success
e:\kheprat-work\elra2ed\lp\2\img\thumbs\promo-image-3.jpg Success
Not Success: http://www.youtube.com/embed/XSo4JQnm8Bw?rel=0
e:\kheprat-work\elra2ed\lp\2\img\thumbs\team-1.jpg Success
e:\kheprat-work\elra2ed\lp\2\img\thumbs\team-2.jpg Success
e:\kheprat-work\elra2ed\lp\2\img\thumbs\team-3.jpg Success
e:\kheprat-work\elra2ed\lp\2\img\thumbs\team-4.jpg Success
e:\kheprat-work\elra2ed\lp\2\img\thumbs\big-promo.jpg Success
e:\kheprat-work\elra2ed\lp\2\img\portfolio\img5.jpg Success
e:\kheprat-work\elra2ed\lp\2\img\portfolio\gallery_2x\img5.jpg Success
e:\kheprat-work\elra2ed\lp\2\img\portfolio\img3.jpg Success
e:\kheprat-work\elra2ed\lp\2\img\portfolio\gallery_2x\img3.jpg Success
e:\kheprat-work\elra2ed\lp\2\img\portfolio\img2.jpg Success
e:\kheprat-work\elra2ed\lp\2\img\portfolio\gallery_2x\img2.jpg Success
e:\kheprat-work\elra2ed\lp\2\img\portfolio\img4.jpg Success
e:\kheprat-work\elra2ed\lp\2\img\portfolio\gallery_2x\img4.jpg Success
e:\kheprat-work\elra2ed\lp\2\img\portfolio\img7.jpg Success
e:\kheprat-work\elra2ed\lp\2\img\portfolio\gallery_2x\img7.jpg Success
e:\kheprat-work\elra2ed\lp\2\img\portfolio\img8.jpg Success
e:\kheprat-work\elra2ed\lp\2\img\portfolio\gallery_2x\img8.jpg Success
e:\kheprat-work\elra2ed\lp\2\img\thumbs\phones.png Success
e:\kheprat-work\elra2ed\lp\2\img\thumbs\member-1.jpg Success
e:\kheprat-work\elra2ed\lp\2\img\thumbs\member-2.jpg Success
e:\kheprat-work\elra2ed\lp\2\img\thumbs\member-4.jpg Success
e:\kheprat-work\elra2ed\lp\2\img\thumbs\member-3.jpg Success
e:\kheprat-work\elra2ed\lp\2\img\thumbs\client-1.png Success
e:\kheprat-work\elra2ed\lp\2\img\thumbs\client-2.png Success
e:\kheprat-work\elra2ed\lp\2\img\thumbs\client-3.png Success
e:\kheprat-work\elra2ed\lp\2\img\thumbs\client-4.png Success
e:\kheprat-work\elra2ed\lp\2\img\thumbs\client-5.png Success
e:\kheprat-work\elra2ed\lp\2\img\thumbs\client-6.png Success
e:\kheprat-work\elra2ed\lp\2\js\jquery-2.1.4.min.js Success
e:\kheprat-work\elra2ed\lp\2\js\bootstrap.min.js Success
e:\kheprat-work\elra2ed\lp\2\js\modernizr.custom.js Success
e:\kheprat-work\elra2ed\lp\2\js\jquery.easing.js Success
e:\kheprat-work\elra2ed\lp\2\js\jquery.scrollto.js Success
e:\kheprat-work\elra2ed\lp\2\js\owl.carousel.js Success
e:\kheprat-work\elra2ed\lp\2\js\count-to.js Success
e:\kheprat-work\elra2ed\lp\2\js\jquery.appear.js Success
e:\kheprat-work\elra2ed\lp\2\js\jquery.prettyPhoto.js Success
e:\kheprat-work\elra2ed\lp\2\js\jquery.mixitup.js Success
e:\kheprat-work\elra2ed\lp\2\js\retina.js Success
e:\kheprat-work\elra2ed\lp\2\js\jquery.flexslider.js Success
e:\kheprat-work\elra2ed\lp\2\js\jquery.validate.min.js Success
Not Success: http://dsathemes.com/html/kolo/normal_register_form/js/waypoints.min.js
e:\kheprat-work\elra2ed\lp\2\js\custom.js Success
e:\kheprat-work\elra2ed\lp\2\js\changer.js Success
e:\kheprat-work\elra2ed\lp\2\js\styleswitch.js Success
e:\kheprat-work\elra2ed\lp\2\contact.php Success
Not Success: http://dsathemes.com/html/kolo/normal_register_form/subscribe.php
e:\kheprat-work\elra2ed\lp\2\fonts.gstatic.com\s\lato\v11\vDvcuXwZxUMLuTfuLrSLpA.ttf Success
e:\kheprat-work\elra2ed\lp\2\fonts.gstatic.com\s\lato\v11\BTu4SsVveqk58cdYjlaM9g.ttf Success
e:\kheprat-work\elra2ed\lp\2\fonts.gstatic.com\s\lato\v11\4GwpJM7qx9X5Obd9KsnKxQ.ttf Success
e:\kheprat-work\elra2ed\lp\2\fonts.gstatic.com\s\lato\v11\zpv3sOKAbMf4wff105oLjw.ttf Success
e:\kheprat-work\elra2ed\lp\2\fonts.gstatic.com\s\lato\v11\5pEc4QKTMA2oB4Hi9NkS4w.ttf Success
e:\kheprat-work\elra2ed\lp\2\fonts.gstatic.com\s\lato\v11\BcYrd0iNCJ_stXPM2VCqXPesZW2xOQ-xsNqO47m55DA.ttf Success
e:\kheprat-work\elra2ed\lp\2\fonts.gstatic.com\s\lato\v11\XNVd6tsqi9wmKNvnh5HNEKCWcynf_cDxXwCLxiixG1c.ttf Success
e:\kheprat-work\elra2ed\lp\2\fonts.gstatic.com\s\lato\v11\LgcV55siz7BRNdbO3Huj5g.ttf Success
e:\kheprat-work\elra2ed\lp\2\fonts.gstatic.com\s\lato\v11\AcvTq8Q0lyKKNxRlL28Rn6CWcynf_cDxXwCLxiixG1c.ttf Success
e:\kheprat-work\elra2ed\lp\2\fonts.gstatic.com\s\lato\v11\81X-1TO5y4aMK2PPy9kFw6CWcynf_cDxXwCLxiixG1c.ttf Success
Not Success: http://dsathemes.com/html/kolo/normal_register_form/css/grabbing.png
e:\kheprat-work\elra2ed\lp\2\fonts\fontawesome-webfont.eot.105.html Success
e:\kheprat-work\elra2ed\lp\2\fonts\fontawesome-webfont.eot.106.html Success
e:\kheprat-work\elra2ed\lp\2\fonts\fontawesome-webfont.woff2.107.html Success
e:\kheprat-work\elra2ed\lp\2\fonts\fontawesome-webfont.woff.108.html Success
e:\kheprat-work\elra2ed\lp\2\fonts\fontawesome-webfont.ttf.109.html Success
e:\kheprat-work\elra2ed\lp\2\fonts\fontawesome-webfont.svg.110.html Success
e:\kheprat-work\elra2ed\lp\2\img\prettyPhoto\default\sprite.png Success
e:\kheprat-work\elra2ed\lp\2\img\prettyPhoto\default\sprite_x.png Success
e:\kheprat-work\elra2ed\lp\2\img\prettyPhoto\default\sprite_y.png Success
e:\kheprat-work\elra2ed\lp\2\img\prettyPhoto\default\sprite_next.png Success
e:\kheprat-work\elra2ed\lp\2\img\prettyPhoto\default\sprite_prev.png Success
e:\kheprat-work\elra2ed\lp\2\img\prettyPhoto\default\default_thumb.png Success
e:\kheprat-work\elra2ed\lp\2\img\prettyPhoto\default\loader.gif Success
e:\kheprat-work\elra2ed\lp\2\img\prettyPhoto\light_rounded\sprite.png Success
e:\kheprat-work\elra2ed\lp\2\img\prettyPhoto\light_rounded\btnNext.png Success
e:\kheprat-work\elra2ed\lp\2\img\prettyPhoto\light_rounded\btnPrevious.png Success
e:\kheprat-work\elra2ed\lp\2\img\prettyPhoto\light_rounded\loader.gif Success
e:\kheprat-work\elra2ed\lp\2\img\prettyPhoto\dark_rounded\sprite.png Success
e:\kheprat-work\elra2ed\lp\2\img\prettyPhoto\dark_rounded\contentPattern.png Success
e:\kheprat-work\elra2ed\lp\2\img\prettyPhoto\dark_rounded\btnNext.png Success
e:\kheprat-work\elra2ed\lp\2\img\prettyPhoto\dark_rounded\btnPrevious.png Success
e:\kheprat-work\elra2ed\lp\2\img\prettyPhoto\dark_rounded\loader.gif Success
e:\kheprat-work\elra2ed\lp\2\img\prettyPhoto\dark_square\loader.gif Success
e:\kheprat-work\elra2ed\lp\2\img\prettyPhoto\dark_square\sprite.png Success
e:\kheprat-work\elra2ed\lp\2\img\prettyPhoto\dark_square\btnNext.png Success
e:\kheprat-work\elra2ed\lp\2\img\prettyPhoto\dark_square\btnPrevious.png Success
e:\kheprat-work\elra2ed\lp\2\img\prettyPhoto\light_square\sprite.png Success
e:\kheprat-work\elra2ed\lp\2\img\prettyPhoto\light_square\btnNext.png Success
e:\kheprat-work\elra2ed\lp\2\img\prettyPhoto\light_square\btnPrevious.png Success
e:\kheprat-work\elra2ed\lp\2\img\prettyPhoto\facebook\sprite.png Success
e:\kheprat-work\elra2ed\lp\2\img\prettyPhoto\facebook\contentPatternTop.png Success
e:\kheprat-work\elra2ed\lp\2\img\prettyPhoto\facebook\contentPatternLeft.png Success
e:\kheprat-work\elra2ed\lp\2\img\prettyPhoto\facebook\contentPatternRight.png Success
e:\kheprat-work\elra2ed\lp\2\img\prettyPhoto\facebook\loader.gif Success
e:\kheprat-work\elra2ed\lp\2\img\prettyPhoto\facebook\btnNext.png Success
e:\kheprat-work\elra2ed\lp\2\img\prettyPhoto\facebook\btnPrevious.png Success
e:\kheprat-work\elra2ed\lp\2\img\prettyPhoto\facebook\contentPatternBottom.png Success
e:\kheprat-work\elra2ed\lp\2\img\prettyPhoto\facebook\default_thumbnail.gif Success
Not Success: http://dsathemes.com/html/kolo/normal_register_form/img/icons/bg_direction_nav.png
e:\kheprat-work\elra2ed\lp\2\fonts\glyphicons-halflings-regular.eot Success
e:\kheprat-work\elra2ed\lp\2\fonts\glyphicons-halflings-regular.eot.145.html Success
e:\kheprat-work\elra2ed\lp\2\fonts\glyphicons-halflings-regular.woff2 Success
e:\kheprat-work\elra2ed\lp\2\fonts\glyphicons-halflings-regular.woff Success
e:\kheprat-work\elra2ed\lp\2\fonts\glyphicons-halflings-regular.ttf Success
e:\kheprat-work\elra2ed\lp\2\fonts\glyphicons-halflings-regular.svg Success
e:\kheprat-work\elra2ed\lp\2\img\icons\loader.GIF Success
e:\kheprat-work\elra2ed\lp\2\img\thumbs\intro-bkg.jpg Success
e:\kheprat-work\elra2ed\lp\2\img\parallax_bg\statistic.jpg Success
e:\kheprat-work\elra2ed\lp\2\img\parallax_bg\newsletter.png Success
e:\kheprat-work\elra2ed\lp\2\img\icons\pointer.png Success
e:\kheprat-work\elra2ed\lp\2\img\parallax_bg\testimonials.jpg Success
e:\kheprat-work\elra2ed\lp\2\img\parallax_bg\bottom-promo-line.jpg Success
e:\kheprat-work\elra2ed\lp\2\img\parallax_bg\call-to-action.png Success
e:\kheprat-work\elra2ed\lp\2\img\icons\back-to-top.png Success
Not Success: http://dsathemes.com/html/kolo/normal_register_form/img/color-scheme/light.jpg
Not Success: http://dsathemes.com/html/kolo/normal_register_form/js/.btn
Not Success: http://dsathemes.com/html/kolo/normal_register_form/js/.item
Not Success: http://dsathemes.com/html/kolo/normal_register_form/js/.next,%20.prev
Not Success: http://dsathemes.com/html/kolo/normal_register_form/js/Popover%20requires%20tooltip.js
Not Success: http://dsathemes.com/html/kolo/normal_register_form/js/bs.tab
Not Success: http://dsathemes.com/html/kolo/normal_register_form/js/hide.bs.tab
Not Success: http://dsathemes.com/html/kolo/normal_register_form/js/show.bs.tab
Not Success: http://dsathemes.com/html/kolo/normal_register_form/js/hidden.bs.tab
Not Success: http://dsathemes.com/html/kolo/normal_register_form/js/shown.bs.tab
Not Success: http://dsathemes.com/html/kolo/normal_register_form/js/>%20.fade
Not Success: http://dsathemes.com/html/kolo/normal_register_form/js/(?:////.|[//w-]|[^//x00-//xa0])+
Not Success: http://dsathemes.com/html/kolo/normal_register_form/js/^:(only|first|last|nth|nth-last)-(child|of-type)(?://(
Not Success: http://dsathemes.com/html/kolo/normal_register_form/js/^(?:
Not Success: http://dsathemes.com/html/kolo/normal_register_form/js/touchstart.owl%20mousedown.owl
Not Success: http://dsathemes.com/html/kolo/normal_register_form/js/touchmove.owl%20mousemove.owl
Not Success: http://dsathemes.com/html/kolo/normal_register_form/js/touchend.owl%20touchcancel.owl%20mouseup.owl
Not Success: http://dsathemes.com/html/kolo/normal_register_form/js/touchstart.owl
Not Success: http://dsathemes.com/html/kolo/normal_register_form/js/touchmove.owl
Not Success: http://dsathemes.com/html/kolo/normal_register_form/js/touchend.owl%20touchcancel.owl
Not Success: http://dsathemes.com/html/kolo/normal_register_form/js/mousedown.owl
Not Success: http://dsathemes.com/html/kolo/normal_register_form/js/mousemove.owl
Not Success: http://dsathemes.com/html/kolo/normal_register_form/js/mouseup.owl
Not Success: http://dsathemes.com/html/kolo/normal_register_form/js/dragstart.owl
Not Success: http://dsathemes.com/html/kolo/normal_register_form/js/owl.next
Not Success: http://dsathemes.com/html/kolo/normal_register_form/js/owl.prev
Not Success: http://dsathemes.com/html/kolo/normal_register_form/js/owl.play
Not Success: http://dsathemes.com/html/kolo/normal_register_form/js/owl.stop
Not Success: http://dsathemes.com/html/kolo/normal_register_form/js/owl.goTo
Not Success: http://dsathemes.com/html/kolo/normal_register_form/js/).css(
e:\kheprat-work\elra2ed\lp\2\js\).html(facebook_like_link);0A}0A0A5C\ Fade the content in0Aif($ppt.is( Success
Not Success: http://dsathemes.com/html/kolo/normal_register_form/js/))%20$ppt.css(
e:\kheprat-work\elra2ed\lp\2\js\)); 5C\ Strip anything after the .191.html Success
e:\kheprat-work\elra2ed\lp\2\js\);0A$pp_details.width(width);0AdetailsHeight = parseFloat($pp_details.css( Success
Not Success: http://dsathemes.com/html/kolo/normal_register_form/js/))%20+%20parseFloat($pp_details.css(
Not Success: http://dsathemes.com/html/kolo/normal_register_form/js/.ppt
e:\kheprat-work\elra2ed\lp\2\js\).show();0A};0A0AgalleryWidth = itemsPerPage 2A itemWidth;0AfullGalleryWidth = pp_images.length 2A itemWidth;0A0A5C\ Set the proper width to the gallery items0A$pp_gallery0A.css( Success
Not Success: http://dsathemes.com/html/kolo/normal_register_form/js/.sort
Not Success: http://dsathemes.com/html/kolo/normal_register_form/js/cubic-bezier(0.25,%200.46,%200.45,%200.94)
Not Success: http://dsathemes.com/html/kolo/normal_register_form/js/cubic-bezier(0.175,%200.885,%200.320,%201.275)
Not Success: http://dsathemes.com/html/kolo/normal_register_form/js/cubic-bezier(0.6,%20-0.28,%200.735,%200.045)
Not Success: http://dsathemes.com/html/kolo/normal_register_form/js/cubic-bezier(0.6,%200.28,%200.735,%200.045)
Not Success: http://dsathemes.com/html/kolo/normal_register_form/js/scale(.01)
e:\kheprat-work\elra2ed\lp\2\js\){ 0D0A$cont.addClass(config.listClass);0D0A$cont.removeClass(config.gridClass);0D0A$pre.css( Success
e:\kheprat-work\elra2ed\lp\2\js\,config.targetDisplayList);0D0A} else {0D0A$cont.addClass(config.gridClass);0D0A$cont.removeClass(config.listClass);0D0A$pre.css( Success
Not Success: http://dsathemes.com/html/kolo/normal_register_form/js/).on(
e:\kheprat-work\elra2ed\lp\2\js\, 5C\ Text for element0D0AscrollImg3A false, 5C\ Set true to use image0D0AactiveOverlay3A false 5C\ Set CSS color to display scrollUp active point, e.g  Success
11/06/2016 11:32:53 AM Parsing complete
